<?xml version="1.0" encoding="UTF-8"?>
<testsuite xmlns:xsi="http://www.w3.org/2001/XMLSchema-instance" xsi:noNamespaceSchemaLocation="https://maven.apache.org/surefire/maven-surefire-plugin/xsd/surefire-test-report.xsd" version="3.0.2" name="com.equityportal.api.controller.AuthControllerIntegrationTest" time="0.005" tests="6" errors="0" skipped="6" failures="0">
  <properties/>
  <testcase name="duplicateEmailReturns409" classname="com.equityportal.api.controller.AuthControllerIntegrationTest" time="0.0">
    <skipped message="Docker not available — skipping integration test: Could not find a valid Docker environment. Please see logs and check configuration"/>
    <system-out><![CDATA[02:30:09.163 [main] INFO org.testcontainers.DockerClientFactory -- Testcontainers version: 1.21.0
02:30:10.511 [main] INFO org.testcontainers.dockerclient.DockerMachineClientProviderStrategy -- docker-machine executable was not found on PATH ([C:\Program Files\Java\jdk-21\bin, C:\Program Files\Java\jdk-21\bin, C:\Program Files\Java\jdk-21\bin, C:\Program Files\Common Files\Oracle\Java\javapath, C:\WINDOWS\system32, C:\WINDOWS, C:\WINDOWS\System32\Wbem, C:\WINDOWS\System32\WindowsPowerShell\v1.0\, C:\WINDOWS\System32\OpenSSH\, C:\Program Files\Java\jdk-21\bin, C:\Program Files (x86)\NVIDIA Corporation\PhysX\Common, C:\Program Files\Git\cmd, C:\Program Files\nodejs\, C:\Program Files\Tailscale\, C:\Users\tamosma\AppData\Local\Programs\Python\Launcher\, C:\Program Files\nodejs, C:\Users\tamosma\AppData\Local\Microsoft\WindowsApps, C:\Program Files\JetBrains\IntelliJ IDEA 2025.3.2\bin, C:\Users\tamosma\AppData\Local\JetBrains\Toolbox\scripts, C:\Users\tamosma\.lmstudio\bin, C:\Users\tamosma\AppData\Local\Microsoft\WinGet\Packages\Docker.DockerCLI_Microsoft.Winget.Source_8wekyb3d8bbwe\docker, C:\Users\tamosma\AppData\Local\Microsoft\WinGet\Packages\ar51an.iPerf3_Microsoft.Winget.Source_8wekyb3d8bbwe, C:\Users\tamosma\AppData\Roaming\npm, C:\Users\tamosma\AppData\Local\Microsoft\WinGet\Packages\BurntSushi.ripgrep.MSVC_Microsoft.Winget.Source_8wekyb3d8bbwe\ripgrep-15.1.0-x86_64-pc-windows-msvc, C:\Users\tamosma\AppData\Local\Programs\Kiro\bin])
02:30:10.514 [main] ERROR org.testcontainers.dockerclient.DockerClientProviderStrategy -- Could not find a valid Docker environment. Please check configuration. Attempted configurations were:
	EnvironmentAndSystemPropertyClientProviderStrategy: failed with exception BadRequestException (Status 400: {"message":"client version 1.32 is too old. Minimum supported API version is 1.40, please upgrade your client to a newer version"}
)As no valid configuration was found, execution cannot continue.
See https://java.testcontainers.org/on_failure.html for more details.
]]></system-out>
  </testcase>
  <testcase name="registerAndLoginReturnsTokens" classname="com.equityportal.api.controller.AuthControllerIntegrationTest" time="0.0">
    <skipped message="Docker not available — skipping integration test: Could not find a valid Docker environment. Please see logs and check configuration"/>
  </testcase>
  <testcase name="refreshAndLogout" classname="com.equityportal.api.controller.AuthControllerIntegrationTest" time="0.0">
    <skipped message="Docker not available — skipping integration test: Could not find a valid Docker environment. Please see logs and check configuration"/>
  </testcase>
  <testcase name="invalidCredentialsReturn401" classname="com.equityportal.api.controller.AuthControllerIntegrationTest" time="0.0">
    <skipped message="Docker not available — skipping integration test: Could not find a valid Docker environment. Please see logs and check configuration"/>
  </testcase>
  <testcase name="protectedEndpointWithoutTokenReturns401" classname="com.equityportal.api.controller.AuthControllerIntegrationTest" time="0.0">
    <skipped message="Docker not available — skipping integration test: Could not find a valid Docker environment. Please see logs and check configuration"/>
  </testcase>
  <testcase name="shortPasswordReturns400" classname="com.equityportal.api.controller.AuthControllerIntegrationTest" time="0.0">
    <skipped message="Docker not available — skipping integration test: Could not find a valid Docker environment. Please see logs and check configuration"/>
  </testcase>
</testsuite>