<?xml version="1.0" encoding="UTF-8"?>
<testsuite xmlns:xsi="http://www.w3.org/2001/XMLSchema-instance" xsi:noNamespaceSchemaLocation="https://maven.apache.org/surefire/maven-surefire-plugin/xsd/surefire-test-report.xsd" version="3.0.2" name="com.equityportal.api.security.InputSanitisationProperties" time="1.931" tests="3" errors="0" skipped="0" failures="0">
  <properties>
[...]
</properties>
  <testcase name="Property 29: XSS patterns are detected" classname="com.equityportal.api.security.InputSanitisationProperties" time="0.007">
    <system-out><![CDATA[timestamp = 2026-03-20T02:30:11.804315600, InputSanitisationProperties:Property 29: XSS patterns are detected = 
                              |-----------------------jqwik-----------------------
tries = 7                     | # of calls to property
checks = 7                    | # of not rejected calls
generation = EXHAUSTIVE       | parameters are exhaustively generated
after-failure = SAMPLE_FIRST  | try previously failed sample, then previous seed
when-fixed-seed = ALLOW       | fixing the random seed is allowed
edge-cases#mode = MIXIN       | edge cases are mixed in
edge-cases#total = 0          | # of all combined edge cases
edge-cases#tried = 0          | # of edge cases tried in current run
seed = 5391248617089070240    | random seed to reproduce generated values


]]></system-out>
  </testcase>
  <testcase name="Property 29: Clean alphanumeric input passes sanitisation" classname="com.equityportal.api.security.InputSanitisationProperties" time="1.809">
    <system-out><![CDATA[timestamp = 2026-03-20T02:30:13.614432200, InputSanitisationProperties:Property 29: Clean alphanumeric input passes sanitisation = 
                              |-----------------------jqwik-----------------------
tries = 1000                  | # of calls to property
checks = 1000                 | # of not rejected calls
generation = RANDOMIZED       | parameters are randomly generated
after-failure = SAMPLE_FIRST  | try previously failed sample, then previous seed
when-fixed-seed = ALLOW       | fixing the random seed is allowed
edge-cases#mode = MIXIN       | edge cases are mixed in
edge-cases#total = 6          | # of all combined edge cases
edge-cases#tried = 6          | # of edge cases tried in current run
seed = -5255943475228932021   | random seed to reproduce generated values


]]></system-out>
  </testcase>
  <testcase name="Property 29: SQL injection patterns are detected" classname="com.equityportal.api.security.InputSanitisationProperties" time="0.1">
    <system-out><![CDATA[timestamp = 2026-03-20T02:30:13.714815700, InputSanitisationProperties:Property 29: SQL injection patterns are detected = 
                              |-----------------------jqwik-----------------------
tries = 7                     | # of calls to property
checks = 7                    | # of not rejected calls
generation = EXHAUSTIVE       | parameters are exhaustively generated
after-failure = SAMPLE_FIRST  | try previously failed sample, then previous seed
when-fixed-seed = ALLOW       | fixing the random seed is allowed
edge-cases#mode = MIXIN       | edge cases are mixed in
edge-cases#total = 0          | # of all combined edge cases
edge-cases#tried = 0          | # of edge cases tried in current run
seed = 8780809342987896714    | random seed to reproduce generated values


]]></system-out>
  </testcase>
</testsuite>