<?xml version="1.0" encoding="UTF-8"?>
<testsuite xmlns:xsi="http://www.w3.org/2001/XMLSchema-instance" xsi:noNamespaceSchemaLocation="https://maven.apache.org/surefire/maven-surefire-plugin/xsd/surefire-test-report.xsd" version="3.0.2" name="com.equityportal.auth.service.AuthServiceUnitTest" time="7.652" tests="3" errors="0" skipped="0" failures="0">
  <properties>
[...]
</properties>
  <testcase name="bcryptCostIsAtLeast12" classname="com.equityportal.auth.service.AuthServiceUnitTest" time="5.736">
    <system-err><![CDATA[Mar 20, 2026 2:28:56 AM net.jqwik.engine.descriptor.DiscoverySupport warnWhenJunitAnnotationsArePresent
WARNING: [class com.equityportal.auth.service.JwtServiceTokenStructureProperties] has annotation [@org.junit.jupiter.api.extension.ExtendWith({org.mockito.junit.jupiter.MockitoExtension.class})] from JUnit which cannot be processed by jqwik
Mar 20, 2026 2:28:56 AM net.jqwik.engine.descriptor.DiscoverySupport warnWhenJunitAnnotationsArePresent
WARNING: [class com.equityportal.auth.service.UserRegistrationServiceProperties] has annotation [@org.junit.jupiter.api.extension.ExtendWith({org.mockito.junit.jupiter.MockitoExtension.class})] from JUnit which cannot be processed by jqwik
Mar 20, 2026 2:28:56 AM net.jqwik.engine.descriptor.DiscoverySupport warnWhenJunitAnnotationsArePresent
WARNING: [class com.equityportal.auth.service.UserRegistrationServiceShortPasswordProperties] has annotation [@org.junit.jupiter.api.extension.ExtendWith({org.mockito.junit.jupiter.MockitoExtension.class})] from JUnit which cannot be processed by jqwik
Mar 20, 2026 2:28:56 AM net.jqwik.engine.descriptor.DiscoverySupport warnWhenJunitAnnotationsArePresent
WARNING: [class com.equityportal.auth.service.JwtServiceTokenStructureProperties] has annotation [@org.junit.jupiter.api.extension.ExtendWith({org.mockito.junit.jupiter.MockitoExtension.class})] from JUnit which cannot be processed by jqwik
Mar 20, 2026 2:28:56 AM net.jqwik.engine.descriptor.DiscoverySupport warnWhenJunitAnnotationsArePresent
WARNING: [class com.equityportal.auth.service.UserRegistrationServiceProperties] has annotation [@org.junit.jupiter.api.extension.ExtendWith({org.mockito.junit.jupiter.MockitoExtension.class})] from JUnit which cannot be processed by jqwik
Mar 20, 2026 2:28:56 AM net.jqwik.engine.descriptor.DiscoverySupport warnWhenJunitAnnotationsArePresent
WARNING: [class com.equityportal.auth.service.UserRegistrationServiceShortPasswordProperties] has annotation [@org.junit.jupiter.api.extension.ExtendWith({org.mockito.junit.jupiter.MockitoExtension.class})] from JUnit which cannot be processed by jqwik
WARNING: A Java agent has been loaded dynamically (C:\Users\tamosma\.m2\repository\net\bytebuddy\byte-buddy-agent\1.17.5\byte-buddy-agent-1.17.5.jar)
WARNING: If a serviceability tool is in use, please run with -XX:+EnableDynamicAgentLoading to hide this warning
WARNING: If a serviceability tool is not in use, please run with -Djdk.instrument.traceUsage for more information
WARNING: Dynamic loading of agents will be disallowed by default in a future release
]]></system-err>
  </testcase>
  <testcase name="expiredTokenIsRejectedByValidateToken" classname="com.equityportal.auth.service.AuthServiceUnitTest" time="1.342"/>
  <testcase name="duplicateEmailThrowsEmailAlreadyExistsException" classname="com.equityportal.auth.service.AuthServiceUnitTest" time="0.172"/>
</testsuite>