<?xml version="1.0" encoding="UTF-8"?>
<testsuite xmlns:xsi="http://www.w3.org/2001/XMLSchema-instance" xsi:noNamespaceSchemaLocation="https://maven.apache.org/surefire/maven-surefire-plugin/xsd/surefire-test-report.xsd" version="3.0.2" name="com.equityportal.marketdata.serializer.MarketDataSnapshotSerializerTest" time="0.459" tests="12" errors="0" skipped="0" failures="0">
  <properties>
[...]
</properties>
  <testcase name="prettyPrint_containsExpectedFields" classname="com.equityportal.marketdata.serializer.MarketDataSnapshotSerializerTest" time="0.219"/>
  <testcase name="serialize_isCompact_noNewlines" classname="com.equityportal.marketdata.serializer.MarketDataSnapshotSerializerTest" time="0.077"/>
  <testcase name="serialize_timestampAsIsoString" classname="com.equityportal.marketdata.serializer.MarketDataSnapshotSerializerTest" time="0.013"/>
  <testcase name="deserialize_emptyTicker_throwsInvalidMarketDataException" classname="com.equityportal.marketdata.serializer.MarketDataSnapshotSerializerTest" time="0.043"/>
  <testcase name="serialize_producesValidJson" classname="com.equityportal.marketdata.serializer.MarketDataSnapshotSerializerTest" time="0.003"/>
  <testcase name="deserialize_missingPrice_throwsInvalidMarketDataException" classname="com.equityportal.marketdata.serializer.MarketDataSnapshotSerializerTest" time="0.009"/>
  <testcase name="deserialize_missingTicker_throwsInvalidMarketDataException" classname="com.equityportal.marketdata.serializer.MarketDataSnapshotSerializerTest" time="0.006"/>
  <testcase name="prettyPrint_containsNewlines" classname="com.equityportal.marketdata.serializer.MarketDataSnapshotSerializerTest" time="0.014"/>
  <testcase name="deserialize_blankTicker_throwsInvalidMarketDataException" classname="com.equityportal.marketdata.serializer.MarketDataSnapshotSerializerTest" time="0.023"/>
  <testcase name="deserialize_roundTrip_returnsEquivalentSnapshot" classname="com.equityportal.marketdata.serializer.MarketDataSnapshotSerializerTest" time="0.022"/>
  <testcase name="deserialize_missingTimestamp_throwsInvalidMarketDataException" classname="com.equityportal.marketdata.serializer.MarketDataSnapshotSerializerTest" time="0.003"/>
  <testcase name="deserialize_invalidJson_throwsInvalidMarketDataException" classname="com.equityportal.marketdata.serializer.MarketDataSnapshotSerializerTest" time="0.002"/>
</testsuite>